<?xml version="1.0" encoding="UTF-8"?>
<!-- Generated by org.testng.reporters.JUnitReportReporter -->
<testsuite hostname="Anas" failures="0" tests="2" name="automationTestStore.generalTests" time="3.392" errors="0" timestamp="2025-02-24T15:16:16 EET" skipped="1">
  <testcase classname="automationTestStore.generalTests" name="login" time="3.392"/>
  <system-out/>
  <testcase classname="automationTestStore.generalTests" name="signup">
    <skipped/>
  </testcase> <!-- signup -->
  <system-out/>
</testsuite> <!-- automationTestStore.generalTests -->
