<?xml version="1.0" encoding="UTF-8"?>
<!-- Generated by org.testng.reporters.JUnitReportReporter -->
<testsuite hostname="Anas" failures="0" tests="4" name="automationTestStore.generalTests" time="0.075" errors="0" timestamp="2025-02-24T16:42:42 EET" skipped="3">
  <testcase classname="automationTestStore.generalTests" name="contactNumber" time="0.075"/>
  <system-out/>
  <testcase classname="automationTestStore.generalTests" name="menSection">
    <skipped/>
  </testcase> <!-- menSection -->
  <system-out/>
  <testcase classname="automationTestStore.generalTests" name="login">
    <skipped/>
  </testcase> <!-- login -->
  <system-out/>
  <testcase classname="automationTestStore.generalTests" name="signup">
    <skipped/>
  </testcase> <!-- signup -->
  <system-out/>
</testsuite> <!-- automationTestStore.generalTests -->
