<?xml version="1.0" encoding="UTF-8"?>
<!-- Generated by org.testng.reporters.JUnitReportReporter -->
<testsuite hostname="Anas" failures="0" tests="1" name="automationTestStore.generalTests" time="20.948" errors="0" timestamp="2025-02-24T13:38:41 EET" skipped="0">
  <testcase classname="automationTestStore.generalTests" name="signup" time="20.948"/>
  <system-out/>
</testsuite> <!-- automationTestStore.generalTests -->
