<?xml version="1.0" encoding="UTF-8"?>
<!-- Generated by org.testng.reporters.JUnitReportReporter -->
<testsuite hostname="Anas" failures="0" tests="5" name="automationTestStore.generalTests" time="1.994" errors="0" timestamp="2025-02-24T16:57:06 EET" skipped="4">
  <testcase classname="automationTestStore.generalTests" name="siteMap" time="1.994"/>
  <system-out/>
  <testcase classname="automationTestStore.generalTests" name="menSection">
    <skipped/>
  </testcase> <!-- menSection -->
  <system-out/>
  <testcase classname="automationTestStore.generalTests" name="login">
    <skipped/>
  </testcase> <!-- login -->
  <system-out/>
  <testcase classname="automationTestStore.generalTests" name="signup">
    <skipped/>
  </testcase> <!-- signup -->
  <system-out/>
  <testcase classname="automationTestStore.generalTests" name="contactNumber">
    <skipped/>
  </testcase> <!-- contactNumber -->
  <system-out/>
</testsuite> <!-- automationTestStore.generalTests -->
